0 info it worked if it ends with ok
1 verbose cli [ '/usr/local/bin/node', '/usr/local/bin/npm', 'run', 'server' ]
2 info using npm@3.10.9
3 info using node@v6.6.0
4 verbose run-script [ 'preserver', 'server', 'postserver' ]
5 info lifecycle nash@0.0.1~preserver: nash@0.0.1
6 silly lifecycle nash@0.0.1~preserver: no script for preserver, continuing
7 info lifecycle nash@0.0.1~server: nash@0.0.1
8 verbose lifecycle nash@0.0.1~server: unsafe-perm in lifecycle true
9 verbose lifecycle nash@0.0.1~server: PATH: /usr/local/lib/node_modules/npm/bin/node-gyp-bin:/Users/littleStudent/Documents/Development/private/now-dashboard/now-dashboard-frontend/node_modules/.bin:/Users/littleStudent/.asdf/bin:/Users/littleStudent/.asdf/shims:/usr/local/bin:/Users/littleStudent/.pyenv/shims:/usr/local/heroku/bin:/Users/littleStudent/.gvm/vertx/current/bin:/Users/littleStudent/.gvm/springboot/current/bin:/Users/littleStudent/.gvm/lazybones/current/bin:/Users/littleStudent/.gvm/jbake/current/bin:/Users/littleStudent/.gvm/groovyserv/current/bin:/Users/littleStudent/.gvm/groovy/current/bin:/Users/littleStudent/.gvm/griffon/current/bin:/Users/littleStudent/.gvm/grails/current/bin:/Users/littleStudent/.gvm/gradle/current/bin:/Users/littleStudent/.gvm/glide/current/bin:/Users/littleStudent/.gvm/gaiden/current/bin:/Users/littleStudent/.gvm/crash/current/bin:/Users/littleStudent/.gvm/asciidoctorj/current/bin:/Users/littleStudent/.rbenv/bin:/Users/littleStudent/.rbenv/shims:/usr/bin:/bin:/usr/sbin:/sbin:/usr/local/bin:/usr/bin:/bin:/usr/sbin:/sbin:/Users/littleStudent/Documents/Development/devStuff/yeoman/yeoman-custom/cli/bin:/Users/littleStudent/Documents/Development/devStuff/mongodb/mongodb-osx-x86_64-3.0.0/bin:/Users/littleStudent/Documents/Development/devStuff/crate/bin:/Users/littleStudent/Documents/Development/devStuff/jboss-4.2.3.GA/bin:/Users/littleStudent/.rvm/bin
10 verbose lifecycle nash@0.0.1~server: CWD: /Users/littleStudent/Documents/Development/private/now-dashboard/now-dashboard-frontend
11 silly lifecycle nash@0.0.1~server: Args: [ '-c',
11 silly lifecycle   'webpack-dev-server --hot --inline --content-base src/' ]
12 silly lifecycle nash@0.0.1~server: Returned: code: 1  signal: null
13 info lifecycle nash@0.0.1~server: Failed to exec server script
14 verbose stack Error: nash@0.0.1 server: `webpack-dev-server --hot --inline --content-base src/`
14 verbose stack Exit status 1
14 verbose stack     at EventEmitter.<anonymous> (/usr/local/lib/node_modules/npm/lib/utils/lifecycle.js:255:16)
14 verbose stack     at emitTwo (events.js:106:13)
14 verbose stack     at EventEmitter.emit (events.js:191:7)
14 verbose stack     at ChildProcess.<anonymous> (/usr/local/lib/node_modules/npm/lib/utils/spawn.js:40:14)
14 verbose stack     at emitTwo (events.js:106:13)
14 verbose stack     at ChildProcess.emit (events.js:191:7)
14 verbose stack     at maybeClose (internal/child_process.js:877:16)
14 verbose stack     at Process.ChildProcess._handle.onexit (internal/child_process.js:226:5)
15 verbose pkgid nash@0.0.1
16 verbose cwd /Users/littleStudent/Documents/Development/private/now-dashboard/now-dashboard-frontend
17 error Darwin 16.1.0
18 error argv "/usr/local/bin/node" "/usr/local/bin/npm" "run" "server"
19 error node v6.6.0
20 error npm  v3.10.9
21 error code ELIFECYCLE
22 error nash@0.0.1 server: `webpack-dev-server --hot --inline --content-base src/`
22 error Exit status 1
23 error Failed at the nash@0.0.1 server script 'webpack-dev-server --hot --inline --content-base src/'.
23 error Make sure you have the latest version of node.js and npm installed.
23 error If you do, this is most likely a problem with the nash package,
23 error not with npm itself.
23 error Tell the author that this fails on your system:
23 error     webpack-dev-server --hot --inline --content-base src/
23 error You can get information on how to open an issue for this project with:
23 error     npm bugs nash
23 error Or if that isn't available, you can get their info via:
23 error     npm owner ls nash
23 error There is likely additional logging output above.
24 verbose exit [ 1, true ]
